app/build/intermediates/manifest_merge_blame_file/debug/manifest-merger-blame-debug-report.txt
1<?xml version="1.0" encoding="utf-8"?>
2<manifest xmlns:android="http://schemas.android.com/apk/res/android"
3    package="com.fprs6.serviciosg3"
4    android:versionCode="1"
5    android:versionName="1.0" >
6
7    <uses-sdk
8        android:minSdkVersion="21"
8-->src/main/AndroidManifest.xml
9        android:targetSdkVersion="31" />
9-->src/main/AndroidManifest.xml
10
11    <uses-permission android:name="android.permission.ACCESS_FINE_LOCATION" />
11-->src/main/AndroidManifest.xml:6:5-78
11-->src/main/AndroidManifest.xml:6:22-76
12    <uses-permission android:name="android.permission.ACCESS_NETWORK_STATE" />
12-->src/main/AndroidManifest.xml:7:5-78
12-->src/main/AndroidManifest.xml:7:22-76
13    <uses-permission android:name="android.permission.INTERNET" />
13-->src/main/AndroidManifest.xml:8:5-66
13-->src/main/AndroidManifest.xml:8:22-64
14    <uses-permission android:name="android.permission.CAMERA" />
14-->src/main/AndroidManifest.xml:9:5-64
14-->src/main/AndroidManifest.xml:9:22-62
15    <uses-permission android:name="android.permission.WRITE_EXTERNAL_STORAGE" />
15-->src/main/AndroidManifest.xml:10:5-80
15-->src/main/AndroidManifest.xml:10:22-78
16    <uses-permission android:name="android.permission.READ_EXTERNAL_STORAGE" />
16-->src/main/AndroidManifest.xml:11:5-79
16-->src/main/AndroidManifest.xml:11:22-77
17
18    <uses-feature
18-->[com.google.android.gms:play-services-maps:18.0.0] AndroidManifest.xml:26:5-28:35
19        android:glEsVersion="0x00020000"
19-->[com.google.android.gms:play-services-maps:18.0.0] AndroidManifest.xml:27:9-41
20        android:required="true" />
20-->[com.google.android.gms:play-services-maps:18.0.0] AndroidManifest.xml:28:9-32
21
22    <queries>
22-->[com.google.android.gms:play-services-maps:18.0.0] AndroidManifest.xml:30:5-34:15
23
24        <!-- Needs to be explicitly declared on Android R+ -->
25        <package android:name="com.google.android.apps.maps" />
25-->[com.google.android.gms:play-services-maps:18.0.0] AndroidManifest.xml:33:9-64
25-->[com.google.android.gms:play-services-maps:18.0.0] AndroidManifest.xml:33:18-61
26    </queries>
27
28    <uses-permission android:name="android.permission.WAKE_LOCK" />
28-->[com.google.android.gms:play-services-measurement:19.0.2] AndroidManifest.xml:25:5-68
28-->[com.google.android.gms:play-services-measurement:19.0.2] AndroidManifest.xml:25:22-65
29    <uses-permission android:name="com.google.android.finsky.permission.BIND_GET_INSTALL_REFERRER_SERVICE" />
29-->[com.google.android.gms:play-services-measurement:19.0.2] AndroidManifest.xml:26:5-110
29-->[com.google.android.gms:play-services-measurement:19.0.2] AndroidManifest.xml:26:22-107
30
31    <application
31-->src/main/AndroidManifest.xml:13:5-54:19
32        android:allowBackup="true"
32-->src/main/AndroidManifest.xml:14:13-39
33        android:appComponentFactory="androidx.core.app.CoreComponentFactory"
33-->[androidx.core:core:1.5.0] AndroidManifest.xml:24:18-86
34        android:debuggable="true"
35        android:icon="@drawable/logo_appservice"
35-->src/main/AndroidManifest.xml:15:13-53
36        android:label="CH&apos;AMANAKU"
36-->src/main/AndroidManifest.xml:16:13-44
37        android:roundIcon="@drawable/logo_appservice"
37-->src/main/AndroidManifest.xml:17:13-58
38        android:supportsRtl="true"
38-->src/main/AndroidManifest.xml:18:13-39
39        android:theme="@style/Theme.ServiciosG3" >
39-->src/main/AndroidManifest.xml:19:13-53
40        <activity android:name="com.fprs6.serviciosg3.pdfViwerActivity" >
40-->src/main/AndroidManifest.xml:20:9-21:20
40-->src/main/AndroidManifest.xml:20:19-51
41        </activity>
42        <activity android:name="com.fprs6.serviciosg3.EditProfessionalActivity" >
42-->src/main/AndroidManifest.xml:22:9-23:20
42-->src/main/AndroidManifest.xml:22:19-59
43        </activity>
44
45        <meta-data
45-->src/main/AndroidManifest.xml:25:9-27:58
46            android:name="com.google.android.geo.API_KEY"
46-->src/main/AndroidManifest.xml:26:17-62
47            android:value="@string/google_maps_key" />
47-->src/main/AndroidManifest.xml:27:17-56
48
49        <activity
49-->src/main/AndroidManifest.xml:29:9-32:20
50            android:name="com.fprs6.serviciosg3.MapsActivity"
50-->src/main/AndroidManifest.xml:30:17-45
51            android:label="@string/title_activity_maps" >
51-->src/main/AndroidManifest.xml:31:17-60
52        </activity>
53        <activity
53-->src/main/AndroidManifest.xml:33:9-36:20
54            android:name="com.fprs6.serviciosg3.chatActivity"
54-->src/main/AndroidManifest.xml:34:17-45
55            android:theme="@style/AppThemeNo" >
55-->src/main/AndroidManifest.xml:35:17-50
56        </activity>
57        <activity
57-->src/main/AndroidManifest.xml:37:9-40:20
58            android:name="com.fprs6.serviciosg3.professionalProfileService"
58-->src/main/AndroidManifest.xml:38:17-59
59            android:parentActivityName="com.fprs6.serviciosg3.dashboardActivity" >
59-->src/main/AndroidManifest.xml:39:17-64
60        </activity>
61        <activity
61-->src/main/AndroidManifest.xml:41:9-49:20
62            android:name="com.fprs6.serviciosg3.dashboardActivity"
62-->src/main/AndroidManifest.xml:42:17-50
63            android:exported="true" >
63-->src/main/AndroidManifest.xml:43:17-40
64            <intent-filter>
64-->src/main/AndroidManifest.xml:44:13-48:29
65                <action android:name="android.intent.action.MAIN" />
65-->src/main/AndroidManifest.xml:45:17-68
65-->src/main/AndroidManifest.xml:45:25-66
66
67                <category android:name="android.intent.category.LAUNCHER" />
67-->src/main/AndroidManifest.xml:47:17-76
67-->src/main/AndroidManifest.xml:47:27-74
68            </intent-filter>
69        </activity>
70        <activity android:name="com.fprs6.serviciosg3.registerActivity" >
70-->src/main/AndroidManifest.xml:50:9-51:20
70-->src/main/AndroidManifest.xml:50:19-51
71        </activity>
72        <activity android:name="com.fprs6.serviciosg3.MainActivity" >
72-->src/main/AndroidManifest.xml:52:9-53:20
72-->src/main/AndroidManifest.xml:52:19-47
73        </activity>
74
75        <meta-data
75-->[com.firebaseui:firebase-ui-auth:8.0.0] AndroidManifest.xml:14:9-16:69
76            android:name="com.google.android.gms.version"
76-->[com.firebaseui:firebase-ui-auth:8.0.0] AndroidManifest.xml:15:13-58
77            android:value="@integer/google_play_services_version" />
77-->[com.firebaseui:firebase-ui-auth:8.0.0] AndroidManifest.xml:16:13-66
78        <meta-data
78-->[com.firebaseui:firebase-ui-auth:8.0.0] AndroidManifest.xml:17:9-19:63
79            android:name="com.facebook.sdk.ApplicationId"
79-->[com.firebaseui:firebase-ui-auth:8.0.0] AndroidManifest.xml:18:13-58
80            android:value="@string/facebook_application_id" />
80-->[com.firebaseui:firebase-ui-auth:8.0.0] AndroidManifest.xml:19:13-60
81
82        <activity
82-->[com.firebaseui:firebase-ui-auth:8.0.0] AndroidManifest.xml:21:9-25:61
83            android:name="com.firebase.ui.auth.KickoffActivity"
83-->[com.firebaseui:firebase-ui-auth:8.0.0] AndroidManifest.xml:22:13-64
84            android:exported="false"
84-->[com.firebaseui:firebase-ui-auth:8.0.0] AndroidManifest.xml:23:13-37
85            android:label=""
85-->[com.firebaseui:firebase-ui-auth:8.0.0] AndroidManifest.xml:24:13-29
86            android:theme="@style/FirebaseUI.Transparent" />
86-->[com.firebaseui:firebase-ui-auth:8.0.0] AndroidManifest.xml:25:13-58
87        <activity
87-->[com.firebaseui:firebase-ui-auth:8.0.0] AndroidManifest.xml:26:9-30:61
88            android:name="com.firebase.ui.auth.ui.idp.SingleSignInActivity"
88-->[com.firebaseui:firebase-ui-auth:8.0.0] AndroidManifest.xml:27:13-76
89            android:exported="false"
89-->[com.firebaseui:firebase-ui-auth:8.0.0] AndroidManifest.xml:28:13-37
90            android:label=""
90-->[com.firebaseui:firebase-ui-auth:8.0.0] AndroidManifest.xml:29:13-29
91            android:theme="@style/FirebaseUI.Transparent" />
91-->[com.firebaseui:firebase-ui-auth:8.0.0] AndroidManifest.xml:30:13-58
92        <activity
92-->[com.firebaseui:firebase-ui-auth:8.0.0] AndroidManifest.xml:31:9-35:61
93            android:name="com.firebase.ui.auth.ui.credentials.CredentialSaveActivity"
93-->[com.firebaseui:firebase-ui-auth:8.0.0] AndroidManifest.xml:32:13-86
94            android:exported="false"
94-->[com.firebaseui:firebase-ui-auth:8.0.0] AndroidManifest.xml:33:13-37
95            android:label=""
95-->[com.firebaseui:firebase-ui-auth:8.0.0] AndroidManifest.xml:34:13-29
96            android:theme="@style/FirebaseUI.Transparent" />
96-->[com.firebaseui:firebase-ui-auth:8.0.0] AndroidManifest.xml:35:13-58
97        <activity
97-->[com.firebaseui:firebase-ui-auth:8.0.0] AndroidManifest.xml:36:9-40:58
98            android:name="com.firebase.ui.auth.ui.email.RecoverPasswordActivity"
98-->[com.firebaseui:firebase-ui-auth:8.0.0] AndroidManifest.xml:37:13-81
99            android:exported="false"
99-->[com.firebaseui:firebase-ui-auth:8.0.0] AndroidManifest.xml:38:13-37
100            android:label="@string/fui_title_recover_password_activity"
100-->[com.firebaseui:firebase-ui-auth:8.0.0] AndroidManifest.xml:39:13-72
101            android:windowSoftInputMode="adjustResize" />
101-->[com.firebaseui:firebase-ui-auth:8.0.0] AndroidManifest.xml:40:13-55
102        <activity
102-->[com.firebaseui:firebase-ui-auth:8.0.0] AndroidManifest.xml:41:9-45:58
103            android:name="com.firebase.ui.auth.ui.email.EmailActivity"
103-->[com.firebaseui:firebase-ui-auth:8.0.0] AndroidManifest.xml:42:13-71
104            android:exported="false"
104-->[com.firebaseui:firebase-ui-auth:8.0.0] AndroidManifest.xml:43:13-37
105            android:label="@string/fui_sign_in_default"
105-->[com.firebaseui:firebase-ui-auth:8.0.0] AndroidManifest.xml:44:13-56
106            android:windowSoftInputMode="adjustResize" />
106-->[com.firebaseui:firebase-ui-auth:8.0.0] AndroidManifest.xml:45:13-55
107        <activity
107-->[com.firebaseui:firebase-ui-auth:8.0.0] AndroidManifest.xml:46:9-50:77
108            android:name="com.firebase.ui.auth.ui.phone.PhoneActivity"
108-->[com.firebaseui:firebase-ui-auth:8.0.0] AndroidManifest.xml:47:13-71
109            android:exported="false"
109-->[com.firebaseui:firebase-ui-auth:8.0.0] AndroidManifest.xml:48:13-37
110            android:label="@string/fui_sign_in_with_phone_number"
110-->[com.firebaseui:firebase-ui-auth:8.0.0] AndroidManifest.xml:49:13-66
111            android:windowSoftInputMode="adjustResize|stateAlwaysVisible" />
111-->[com.firebaseui:firebase-ui-auth:8.0.0] AndroidManifest.xml:50:13-74
112        <activity
112-->[com.firebaseui:firebase-ui-auth:8.0.0] AndroidManifest.xml:51:9-55:58
113            android:name="com.firebase.ui.auth.ui.idp.WelcomeBackIdpPrompt"
113-->[com.firebaseui:firebase-ui-auth:8.0.0] AndroidManifest.xml:52:13-76
114            android:exported="false"
114-->[com.firebaseui:firebase-ui-auth:8.0.0] AndroidManifest.xml:53:13-37
115            android:label="@string/fui_title_welcome_back_idp_prompt"
115-->[com.firebaseui:firebase-ui-auth:8.0.0] AndroidManifest.xml:54:13-70
116            android:windowSoftInputMode="adjustResize" />
116-->[com.firebaseui:firebase-ui-auth:8.0.0] AndroidManifest.xml:55:13-55
117        <activity
117-->[com.firebaseui:firebase-ui-auth:8.0.0] AndroidManifest.xml:56:9-60:58
118            android:name="com.firebase.ui.auth.ui.email.WelcomeBackPasswordPrompt"
118-->[com.firebaseui:firebase-ui-auth:8.0.0] AndroidManifest.xml:57:13-83
119            android:exported="false"
119-->[com.firebaseui:firebase-ui-auth:8.0.0] AndroidManifest.xml:58:13-37
120            android:label="@string/fui_title_welcome_back_password_prompt"
120-->[com.firebaseui:firebase-ui-auth:8.0.0] AndroidManifest.xml:59:13-75
121            android:windowSoftInputMode="adjustResize" />
121-->[com.firebaseui:firebase-ui-auth:8.0.0] AndroidManifest.xml:60:13-55
122        <activity
122-->[com.firebaseui:firebase-ui-auth:8.0.0] AndroidManifest.xml:61:9-65:58
123            android:name="com.firebase.ui.auth.ui.email.WelcomeBackEmailLinkPrompt"
123-->[com.firebaseui:firebase-ui-auth:8.0.0] AndroidManifest.xml:62:13-84
124            android:exported="false"
124-->[com.firebaseui:firebase-ui-auth:8.0.0] AndroidManifest.xml:63:13-37
125            android:label="@string/fui_title_welcome_back_password_prompt"
125-->[com.firebaseui:firebase-ui-auth:8.0.0] AndroidManifest.xml:64:13-75
126            android:windowSoftInputMode="adjustResize" />
126-->[com.firebaseui:firebase-ui-auth:8.0.0] AndroidManifest.xml:65:13-55
127        <activity
127-->[com.firebaseui:firebase-ui-auth:8.0.0] AndroidManifest.xml:66:9-71:58
128            android:name="com.firebase.ui.auth.ui.email.EmailLinkCatcherActivity"
128-->[com.firebaseui:firebase-ui-auth:8.0.0] AndroidManifest.xml:67:13-82
129            android:exported="false"
129-->[com.firebaseui:firebase-ui-auth:8.0.0] AndroidManifest.xml:68:13-37
130            android:label=""
130-->[com.firebaseui:firebase-ui-auth:8.0.0] AndroidManifest.xml:69:13-29
131            android:theme="@style/FirebaseUI.Transparent"
131-->[com.firebaseui:firebase-ui-auth:8.0.0] AndroidManifest.xml:70:13-58
132            android:windowSoftInputMode="adjustResize" />
132-->[com.firebaseui:firebase-ui-auth:8.0.0] AndroidManifest.xml:71:13-55
133        <activity
133-->[com.firebaseui:firebase-ui-auth:8.0.0] AndroidManifest.xml:72:9-76:58
134            android:name="com.firebase.ui.auth.ui.email.EmailLinkErrorRecoveryActivity"
134-->[com.firebaseui:firebase-ui-auth:8.0.0] AndroidManifest.xml:73:13-88
135            android:exported="false"
135-->[com.firebaseui:firebase-ui-auth:8.0.0] AndroidManifest.xml:74:13-37
136            android:label="@string/fui_sign_in_default"
136-->[com.firebaseui:firebase-ui-auth:8.0.0] AndroidManifest.xml:75:13-56
137            android:windowSoftInputMode="adjustResize" />
137-->[com.firebaseui:firebase-ui-auth:8.0.0] AndroidManifest.xml:76:13-55
138        <activity
138-->[com.firebaseui:firebase-ui-auth:8.0.0] AndroidManifest.xml:77:9-80:65
139            android:name="com.firebase.ui.auth.ui.idp.AuthMethodPickerActivity"
139-->[com.firebaseui:firebase-ui-auth:8.0.0] AndroidManifest.xml:78:13-80
140            android:exported="false"
140-->[com.firebaseui:firebase-ui-auth:8.0.0] AndroidManifest.xml:79:13-37
141            android:label="@string/fui_default_toolbar_title" />
141-->[com.firebaseui:firebase-ui-auth:8.0.0] AndroidManifest.xml:80:13-62
142        <activity
142-->[com.firebaseui:firebase-ui-auth:8.0.0] AndroidManifest.xml:81:9-85:48
143            android:name="com.facebook.FacebookActivity"
143-->[com.firebaseui:firebase-ui-auth:8.0.0] AndroidManifest.xml:82:13-57
144            android:configChanges="keyboard|keyboardHidden|screenLayout|screenSize|orientation"
144-->[com.firebaseui:firebase-ui-auth:8.0.0] AndroidManifest.xml:83:13-96
145            android:label="@string/app_name" />
145-->[com.firebaseui:firebase-ui-auth:8.0.0] AndroidManifest.xml:84:13-45
146        <activity
146-->[com.firebaseui:firebase-ui-auth:8.0.0] AndroidManifest.xml:86:9-98:20
147            android:name="com.facebook.CustomTabActivity"
147-->[com.firebaseui:firebase-ui-auth:8.0.0] AndroidManifest.xml:87:13-58
148            android:exported="true" >
148-->[com.firebaseui:firebase-ui-auth:8.0.0] AndroidManifest.xml:88:13-36
149            <intent-filter>
149-->[com.firebaseui:firebase-ui-auth:8.0.0] AndroidManifest.xml:90:13-97:29
150                <action android:name="android.intent.action.VIEW" />
150-->[com.firebaseui:firebase-ui-auth:8.0.0] AndroidManifest.xml:91:17-69
150-->[com.firebaseui:firebase-ui-auth:8.0.0] AndroidManifest.xml:91:25-66
151
152                <category android:name="android.intent.category.DEFAULT" />
152-->[com.firebaseui:firebase-ui-auth:8.0.0] AndroidManifest.xml:93:17-76
152-->[com.firebaseui:firebase-ui-auth:8.0.0] AndroidManifest.xml:93:27-73
153                <category android:name="android.intent.category.BROWSABLE" />
153-->[com.firebaseui:firebase-ui-auth:8.0.0] AndroidManifest.xml:94:17-78
153-->[com.firebaseui:firebase-ui-auth:8.0.0] AndroidManifest.xml:94:27-75
154
155                <data android:scheme="@string/facebook_login_protocol_scheme" />
155-->[com.firebaseui:firebase-ui-auth:8.0.0] AndroidManifest.xml:96:17-81
155-->[com.firebaseui:firebase-ui-auth:8.0.0] AndroidManifest.xml:96:23-78
156            </intent-filter>
157        </activity>
158
159        <provider
159-->[com.firebaseui:firebase-ui-auth:8.0.0] AndroidManifest.xml:100:9-104:38
160            android:name="com.firebase.ui.auth.data.client.AuthUiInitProvider"
160-->[com.firebaseui:firebase-ui-auth:8.0.0] AndroidManifest.xml:101:13-79
161            android:authorities="com.fprs6.serviciosg3.authuiinitprovider"
161-->[com.firebaseui:firebase-ui-auth:8.0.0] AndroidManifest.xml:102:13-70
162            android:exported="false"
162-->[com.firebaseui:firebase-ui-auth:8.0.0] AndroidManifest.xml:103:13-37
163            android:initOrder="90" /> <!-- Needs to be explicitly declared on P+ -->
163-->[com.firebaseui:firebase-ui-auth:8.0.0] AndroidManifest.xml:104:13-35
164        <uses-library
164-->[com.google.android.gms:play-services-maps:18.0.0] AndroidManifest.xml:39:9-41:40
165            android:name="org.apache.http.legacy"
165-->[com.google.android.gms:play-services-maps:18.0.0] AndroidManifest.xml:40:13-50
166            android:required="false" />
166-->[com.google.android.gms:play-services-maps:18.0.0] AndroidManifest.xml:41:13-37
167
168        <activity
168-->[com.google.firebase:firebase-auth:21.0.1] AndroidManifest.xml:27:9-44:20
169            android:name="com.google.firebase.auth.internal.GenericIdpActivity"
169-->[com.google.firebase:firebase-auth:21.0.1] AndroidManifest.xml:28:13-80
170            android:excludeFromRecents="true"
170-->[com.google.firebase:firebase-auth:21.0.1] AndroidManifest.xml:29:13-46
171            android:exported="true"
171-->[com.google.firebase:firebase-auth:21.0.1] AndroidManifest.xml:30:13-36
172            android:launchMode="singleTask"
172-->[com.google.firebase:firebase-auth:21.0.1] AndroidManifest.xml:31:13-44
173            android:theme="@android:style/Theme.Translucent.NoTitleBar" >
173-->[com.google.firebase:firebase-auth:21.0.1] AndroidManifest.xml:32:13-72
174            <intent-filter>
174-->[com.google.firebase:firebase-auth:21.0.1] AndroidManifest.xml:33:13-43:29
175                <action android:name="android.intent.action.VIEW" />
175-->[com.firebaseui:firebase-ui-auth:8.0.0] AndroidManifest.xml:91:17-69
175-->[com.firebaseui:firebase-ui-auth:8.0.0] AndroidManifest.xml:91:25-66
176
177                <category android:name="android.intent.category.DEFAULT" />
177-->[com.firebaseui:firebase-ui-auth:8.0.0] AndroidManifest.xml:93:17-76
177-->[com.firebaseui:firebase-ui-auth:8.0.0] AndroidManifest.xml:93:27-73
178                <category android:name="android.intent.category.BROWSABLE" />
178-->[com.firebaseui:firebase-ui-auth:8.0.0] AndroidManifest.xml:94:17-78
178-->[com.firebaseui:firebase-ui-auth:8.0.0] AndroidManifest.xml:94:27-75
179
180                <data
180-->[com.firebaseui:firebase-ui-auth:8.0.0] AndroidManifest.xml:96:17-81
181                    android:host="firebase.auth"
182                    android:path="/"
183                    android:scheme="genericidp" />
183-->[com.firebaseui:firebase-ui-auth:8.0.0] AndroidManifest.xml:96:23-78
184            </intent-filter>
185        </activity>
186        <activity
186-->[com.google.firebase:firebase-auth:21.0.1] AndroidManifest.xml:45:9-62:20
187            android:name="com.google.firebase.auth.internal.RecaptchaActivity"
187-->[com.google.firebase:firebase-auth:21.0.1] AndroidManifest.xml:46:13-79
188            android:excludeFromRecents="true"
188-->[com.google.firebase:firebase-auth:21.0.1] AndroidManifest.xml:47:13-46
189            android:exported="true"
189-->[com.google.firebase:firebase-auth:21.0.1] AndroidManifest.xml:48:13-36
190            android:launchMode="singleTask"
190-->[com.google.firebase:firebase-auth:21.0.1] AndroidManifest.xml:49:13-44
191            android:theme="@android:style/Theme.Translucent.NoTitleBar" >
191-->[com.google.firebase:firebase-auth:21.0.1] AndroidManifest.xml:50:13-72
192            <intent-filter>
192-->[com.google.firebase:firebase-auth:21.0.1] AndroidManifest.xml:51:13-61:29
193                <action android:name="android.intent.action.VIEW" />
193-->[com.firebaseui:firebase-ui-auth:8.0.0] AndroidManifest.xml:91:17-69
193-->[com.firebaseui:firebase-ui-auth:8.0.0] AndroidManifest.xml:91:25-66
194
195                <category android:name="android.intent.category.DEFAULT" />
195-->[com.firebaseui:firebase-ui-auth:8.0.0] AndroidManifest.xml:93:17-76
195-->[com.firebaseui:firebase-ui-auth:8.0.0] AndroidManifest.xml:93:27-73
196                <category android:name="android.intent.category.BROWSABLE" />
196-->[com.firebaseui:firebase-ui-auth:8.0.0] AndroidManifest.xml:94:17-78
196-->[com.firebaseui:firebase-ui-auth:8.0.0] AndroidManifest.xml:94:27-75
197
198                <data
198-->[com.firebaseui:firebase-ui-auth:8.0.0] AndroidManifest.xml:96:17-81
199                    android:host="firebase.auth"
200                    android:path="/"
201                    android:scheme="recaptcha" />
201-->[com.firebaseui:firebase-ui-auth:8.0.0] AndroidManifest.xml:96:23-78
202            </intent-filter>
203        </activity>
204
205        <service
205-->[com.google.firebase:firebase-auth:21.0.1] AndroidManifest.xml:64:9-73:19
206            android:name="com.google.firebase.auth.api.fallback.service.FirebaseAuthFallbackService"
206-->[com.google.firebase:firebase-auth:21.0.1] AndroidManifest.xml:65:13-101
207            android:enabled="true"
207-->[com.google.firebase:firebase-auth:21.0.1] AndroidManifest.xml:66:13-35
208            android:exported="false" >
208-->[com.google.firebase:firebase-auth:21.0.1] AndroidManifest.xml:67:13-37
209            <intent-filter>
209-->[com.google.firebase:firebase-auth:21.0.1] AndroidManifest.xml:68:13-72:29
210                <action android:name="com.google.firebase.auth.api.gms.service.START" />
210-->[com.google.firebase:firebase-auth:21.0.1] AndroidManifest.xml:69:17-89
210-->[com.google.firebase:firebase-auth:21.0.1] AndroidManifest.xml:69:25-86
211
212                <category android:name="android.intent.category.DEFAULT" />
212-->[com.firebaseui:firebase-ui-auth:8.0.0] AndroidManifest.xml:93:17-76
212-->[com.firebaseui:firebase-ui-auth:8.0.0] AndroidManifest.xml:93:27-73
213            </intent-filter>
214        </service>
215        <service
215-->[com.google.firebase:firebase-auth:21.0.1] AndroidManifest.xml:74:9-80:19
216            android:name="com.google.firebase.components.ComponentDiscoveryService"
216-->[com.google.firebase:firebase-auth:21.0.1] AndroidManifest.xml:75:13-84
217            android:directBootAware="true"
217-->[com.google.firebase:firebase-common:20.0.0] AndroidManifest.xml:35:13-43
218            android:exported="false" >
218-->[com.google.firebase:firebase-auth:21.0.1] AndroidManifest.xml:76:13-37
219            <meta-data
219-->[com.google.firebase:firebase-auth:21.0.1] AndroidManifest.xml:77:13-79:85
220                android:name="com.google.firebase.components:com.google.firebase.auth.FirebaseAuthRegistrar"
220-->[com.google.firebase:firebase-auth:21.0.1] AndroidManifest.xml:78:17-109
221                android:value="com.google.firebase.components.ComponentRegistrar" />
221-->[com.google.firebase:firebase-auth:21.0.1] AndroidManifest.xml:79:17-82
222            <meta-data
222-->[com.google.firebase:firebase-database:20.0.2] AndroidManifest.xml:32:13-34:85
223                android:name="com.google.firebase.components:com.google.firebase.database.DatabaseRegistrar"
223-->[com.google.firebase:firebase-database:20.0.2] AndroidManifest.xml:33:17-109
224                android:value="com.google.firebase.components.ComponentRegistrar" />
224-->[com.google.firebase:firebase-database:20.0.2] AndroidManifest.xml:34:17-82
225            <meta-data
225-->[com.google.firebase:firebase-storage:20.0.0] AndroidManifest.xml:33:13-35:85
226                android:name="com.google.firebase.components:com.google.firebase.storage.StorageRegistrar"
226-->[com.google.firebase:firebase-storage:20.0.0] AndroidManifest.xml:34:17-107
227                android:value="com.google.firebase.components.ComponentRegistrar" />
227-->[com.google.firebase:firebase-storage:20.0.0] AndroidManifest.xml:35:17-82
228            <meta-data
228-->[com.google.android.gms:play-services-measurement-api:19.0.2] AndroidManifest.xml:30:13-32:85
229                android:name="com.google.firebase.components:com.google.firebase.analytics.connector.internal.AnalyticsConnectorRegistrar"
229-->[com.google.android.gms:play-services-measurement-api:19.0.2] AndroidManifest.xml:31:17-139
230                android:value="com.google.firebase.components.ComponentRegistrar" />
230-->[com.google.android.gms:play-services-measurement-api:19.0.2] AndroidManifest.xml:32:17-82
231            <meta-data
231-->[com.google.firebase:firebase-installations:17.0.0] AndroidManifest.xml:18:13-20:85
232                android:name="com.google.firebase.components:com.google.firebase.installations.FirebaseInstallationsRegistrar"
232-->[com.google.firebase:firebase-installations:17.0.0] AndroidManifest.xml:19:17-127
233                android:value="com.google.firebase.components.ComponentRegistrar" />
233-->[com.google.firebase:firebase-installations:17.0.0] AndroidManifest.xml:20:17-82
234        </service>
235
236        <activity
236-->[com.google.android.gms:play-services-auth:19.2.0] AndroidManifest.xml:23:9-27:75
237            android:name="com.google.android.gms.auth.api.signin.internal.SignInHubActivity"
237-->[com.google.android.gms:play-services-auth:19.2.0] AndroidManifest.xml:24:13-93
238            android:excludeFromRecents="true"
238-->[com.google.android.gms:play-services-auth:19.2.0] AndroidManifest.xml:25:13-46
239            android:exported="false"
239-->[com.google.android.gms:play-services-auth:19.2.0] AndroidManifest.xml:26:13-37
240            android:theme="@android:style/Theme.Translucent.NoTitleBar" />
240-->[com.google.android.gms:play-services-auth:19.2.0] AndroidManifest.xml:27:13-72
241        <!--
242            Service handling Google Sign-In user revocation. For apps that do not integrate with
243            Google Sign-In, this service will never be started.
244        -->
245        <service
245-->[com.google.android.gms:play-services-auth:19.2.0] AndroidManifest.xml:33:9-37:51
246            android:name="com.google.android.gms.auth.api.signin.RevocationBoundService"
246-->[com.google.android.gms:play-services-auth:19.2.0] AndroidManifest.xml:34:13-89
247            android:exported="true"
247-->[com.google.android.gms:play-services-auth:19.2.0] AndroidManifest.xml:35:13-36
248            android:permission="com.google.android.gms.auth.api.signin.permission.REVOCATION_NOTIFICATION"
248-->[com.google.android.gms:play-services-auth:19.2.0] AndroidManifest.xml:36:13-107
249            android:visibleToInstantApps="true" />
249-->[com.google.android.gms:play-services-auth:19.2.0] AndroidManifest.xml:37:13-48
250
251        <provider
251-->[com.squareup.picasso:picasso:2.8] AndroidManifest.xml:8:9-11:40
252            android:name="com.squareup.picasso.PicassoProvider"
252-->[com.squareup.picasso:picasso:2.8] AndroidManifest.xml:9:13-64
253            android:authorities="com.fprs6.serviciosg3.com.squareup.picasso"
253-->[com.squareup.picasso:picasso:2.8] AndroidManifest.xml:10:13-72
254            android:exported="false" />
254-->[com.squareup.picasso:picasso:2.8] AndroidManifest.xml:11:13-37
255
256        <receiver
256-->[com.google.android.gms:play-services-measurement:19.0.2] AndroidManifest.xml:29:9-33:20
257            android:name="com.google.android.gms.measurement.AppMeasurementReceiver"
257-->[com.google.android.gms:play-services-measurement:19.0.2] AndroidManifest.xml:30:13-85
258            android:enabled="true"
258-->[com.google.android.gms:play-services-measurement:19.0.2] AndroidManifest.xml:31:13-35
259            android:exported="false" >
259-->[com.google.android.gms:play-services-measurement:19.0.2] AndroidManifest.xml:32:13-37
260        </receiver>
261
262        <service
262-->[com.google.android.gms:play-services-measurement:19.0.2] AndroidManifest.xml:35:9-38:40
263            android:name="com.google.android.gms.measurement.AppMeasurementService"
263-->[com.google.android.gms:play-services-measurement:19.0.2] AndroidManifest.xml:36:13-84
264            android:enabled="true"
264-->[com.google.android.gms:play-services-measurement:19.0.2] AndroidManifest.xml:37:13-35
265            android:exported="false" />
265-->[com.google.android.gms:play-services-measurement:19.0.2] AndroidManifest.xml:38:13-37
266        <service
266-->[com.google.android.gms:play-services-measurement:19.0.2] AndroidManifest.xml:39:9-43:72
267            android:name="com.google.android.gms.measurement.AppMeasurementJobService"
267-->[com.google.android.gms:play-services-measurement:19.0.2] AndroidManifest.xml:40:13-87
268            android:enabled="true"
268-->[com.google.android.gms:play-services-measurement:19.0.2] AndroidManifest.xml:41:13-35
269            android:exported="false"
269-->[com.google.android.gms:play-services-measurement:19.0.2] AndroidManifest.xml:42:13-37
270            android:permission="android.permission.BIND_JOB_SERVICE" />
270-->[com.google.android.gms:play-services-measurement:19.0.2] AndroidManifest.xml:43:13-69
271
272        <provider
272-->[com.google.firebase:firebase-common:20.0.0] AndroidManifest.xml:26:9-31:39
273            android:name="com.google.firebase.provider.FirebaseInitProvider"
273-->[com.google.firebase:firebase-common:20.0.0] AndroidManifest.xml:27:13-77